<?xml version="1.0" encoding="UTF-8"?>
<testng-results skipped="0" failed="0" total="1" passed="1">
  <reporter-output>
  </reporter-output>
  <suite name="coffee suite" duration-ms="20" started-at="2016-07-11T20:07:51Z" finished-at="2016-07-11T20:07:51Z">
    <groups>
    </groups>
    <test name="coffee test" duration-ms="20" started-at="2016-07-11T20:07:51Z" finished-at="2016-07-11T20:07:51Z">
      <class name="coffeebox.cookie.TestUI">
        <test-method status="PASS" signature="firsttest()[pri:0, instance:coffeebox.cookie.TestUI@1fbc7afb]" name="firsttest" duration-ms="7" started-at="2016-07-11T16:07:51Z" finished-at="2016-07-11T16:07:51Z">
          <reporter-output>
          </reporter-output>
        </test-method> <!-- firsttest -->
      </class> <!-- coffeebox.cookie.TestUI -->
    </test> <!-- coffee test -->
  </suite> <!-- coffee suite -->
</testng-results>
