<?xml version="1.0" encoding="UTF-8"?>
<testng-results skipped="0" failed="0" total="1" passed="1">
  <reporter-output>
  </reporter-output>
  <suite name="coffee suite" duration-ms="37" started-at="2016-07-11T20:04:50Z" finished-at="2016-07-11T20:04:50Z">
    <groups>
    </groups>
    <test name="coffee test" duration-ms="37" started-at="2016-07-11T20:04:50Z" finished-at="2016-07-11T20:04:50Z">
      <class name="coffeebox.cookie.TestUI">
        <test-method status="PASS" signature="firsttest()[pri:0, instance:coffeebox.cookie.TestUI@2096442d]" name="firsttest" duration-ms="18" started-at="2016-07-11T16:04:50Z" finished-at="2016-07-11T16:04:50Z">
          <reporter-output>
          </reporter-output>
        </test-method> <!-- firsttest -->
      </class> <!-- coffeebox.cookie.TestUI -->
    </test> <!-- coffee test -->
  </suite> <!-- coffee suite -->
</testng-results>
